[03:29:19] [ServerMain/INFO]: Environment: Environment[sessionHost=https://sessionserver.mojang.com, servicesHost=https://api.minecraftservices.com, name=PROD]
[03:29:20] [ServerMain/INFO]: No existing world data, creating new world
[03:29:21] [ServerMain/INFO]: Loaded 1337 recipes
[03:29:21] [ServerMain/INFO]: Loaded 1448 advancements
[03:29:21] [Server thread/INFO]: Starting minecraft server version 1.21.3
[03:29:21] [Server thread/INFO]: Loading properties
[03:29:21] [Server thread/INFO]: Default game type: SURVIVAL
[03:29:21] [Server thread/INFO]: Generating keypair
[03:29:21] [Server thread/INFO]: Starting Minecraft server on *:25565
[03:29:21] [Server thread/INFO]: Using epoll channel type
[03:29:21] [Server thread/WARN]: **** SERVER IS RUNNING IN OFFLINE/INSECURE MODE!
[03:29:21] [Server thread/WARN]: The server will make no attempt to authenticate usernames. Beware.
[03:29:21] [Server thread/WARN]: While this makes the game possible to play without internet access, it also opens up the ability for hackers to connect with any username they choose.
[03:29:21] [Server thread/WARN]: To change this, set "online-mode" to "true" in the server.properties file.
[03:29:21] [Server thread/INFO]: Preparing level "world"
[03:29:26] [Server thread/INFO]: Preparing start region for dimension minecraft:overworld
[03:29:26] [Worker-Main-1/INFO]: Preparing spawn area: 2%
[03:29:27] [Worker-Main-1/INFO]: Preparing spawn area: 2%
[03:29:27] [Worker-Main-2/INFO]: Preparing spawn area: 2%
[03:29:28] [Worker-Main-1/INFO]: Preparing spawn area: 2%
[03:29:28] [Worker-Main-1/INFO]: Preparing spawn area: 2%
[03:29:29] [Worker-Main-2/INFO]: Preparing spawn area: 2%
[03:29:29] [Worker-Main-1/INFO]: Preparing spawn area: 18%
[03:29:30] [Worker-Main-2/INFO]: Preparing spawn area: 18%
[03:29:30] [Worker-Main-3/INFO]: Preparing spawn area: 44%
[03:29:31] [Worker-Main-1/INFO]: Preparing spawn area: 51%
[03:29:31] [Worker-Main-3/INFO]: Preparing spawn area: 51%
[03:29:32] [Worker-Main-1/INFO]: Preparing spawn area: 51%
[03:29:32] [Server thread/INFO]: Time elapsed: 5573 ms
[03:29:32] [Server thread/INFO]: Done (10.969s)! For help, type "help"
[03:29:32] [Server thread/INFO]: Unknown or incomplete command, see below for error
[03:29:32] [Server thread/INFO]: home/codespace/.python/current/bin/python /workspaces/svmc/msx.py<--[HERE]
[03:30:32] [Server thread/INFO]: Server empty for 60 seconds, pausing
[03:30:37] [Server thread/INFO]: bnfumao[/127.181.17.171:35617] logged in with entity id 102 at (15.5, 77.0, -41.5)
[03:30:37] [Server thread/INFO]: bnfumao joined the game
[03:32:22] [Server thread/INFO]: bnfumao has made the advancement [Stone Age]
[03:32:38] [Server thread/INFO]: bnfumao has made the advancement [Getting an Upgrade]
[03:36:48] [Server thread/INFO]: bnfumao has made the advancement [Acquire Hardware]
[03:37:12] [Server thread/INFO]: bnfumao has made the advancement [Isn't It Iron Pick]
[03:38:47] [Server thread/INFO]: bnfumao has made the advancement [Monster Hunter]
[03:38:59] [Server thread/INFO]: _Raiver_[/127.224.241.120:47257] logged in with entity id 2633 at (19.5, 76.0, -38.5)
[03:38:59] [Server thread/INFO]: _Raiver_ joined the game
[03:39:07] [Server thread/INFO]: [Not Secure] <_Raiver_> ola
[03:39:13] [Server thread/INFO]: [Not Secure] <bnfumao> ño
[03:39:30] [Server thread/INFO]: [Not Secure] <_Raiver_> 5 69 -42
[03:39:52] [Server thread/INFO]: Pau_jkl[/127.183.54.194:54287] logged in with entity id 2837 at (18.5, 78.0, -48.5)
[03:39:52] [Server thread/INFO]: Pau_jkl joined the game
[03:40:11] [Server thread/INFO]: [Not Secure] <bnfumao> 2 21 -55
[03:40:43] [Server thread/INFO]: Pau_jkl lost connection: Disconnected
[03:40:43] [Server thread/INFO]: Pau_jkl left the game
[03:40:52] [Server thread/INFO]: _Raiver_ has made the advancement [Stone Age]
[03:41:23] [Server thread/INFO]: bnfumao lost connection: Timed out
[03:41:23] [Server thread/INFO]: bnfumao left the game
[03:41:23] [Server thread/WARN]: handleDisconnection() called twice
[03:41:45] [Server thread/INFO]: [Not Secure] [Server] hola
[03:41:52] [Server thread/INFO]: [Not Secure] <_Raiver_> ./gamemode 1
[03:43:10] [Server thread/INFO]: [Not Secure] <_Raiver_> ./give _Raiver_ minecraft:diamonds 1 millon
[03:43:32] [Server thread/INFO]: Pau_jkl[/127.183.54.194:38463] logged in with entity id 3702 at (22.546186138586958, 70.0, -53.11128532465439)
[03:43:32] [Server thread/INFO]: Pau_jkl joined the game
[03:43:52] [Server thread/INFO]: _Raiver_ has made the advancement [Getting an Upgrade]
[03:45:30] [Server thread/INFO]: Pau_jkl was shot by Skeleton
[03:46:01] [Server thread/INFO]: Pau_jkl lost connection: Disconnected
[03:46:01] [Server thread/INFO]: Pau_jkl left the game
[03:48:10] [Server thread/INFO]: Pau_jkl[/127.183.54.194:60373] logged in with entity id 5080 at (20.69999998807907, 76.0, -64.69999998807907)
[03:48:10] [Server thread/INFO]: Pau_jkl joined the game
[03:52:02] [Server thread/INFO]: Pau_jkl has made the advancement [Monster Hunter]
[03:53:21] [Server thread/INFO]: Pau_jkl has made the advancement [Stone Age]
[03:53:37] [Server thread/INFO]: Pau_jkl has made the advancement [Getting an Upgrade]
[03:57:22] [Server thread/INFO]: [Not Secure] <_Raiver_> -248 69 220
[03:57:25] [Server thread/INFO]: [Not Secure] <_Raiver_> 69 RICO
[04:01:25] [Server thread/INFO]: [Not Secure] <_Raiver_> -342 64 346
[04:01:29] [Server thread/INFO]: _Raiver_ has made the advancement [Monster Hunter]
[04:01:30] [Server thread/INFO]: [Not Secure] <_Raiver_> 436
[04:02:18] [Server thread/INFO]: [Not Secure] <_Raiver_> -342 64 436
[04:03:41] [Server thread/INFO]: Pau_jkl has made the advancement [Sweet Dreams]
[04:04:01] [Server thread/INFO]: _Raiver_ has made the advancement [Sweet Dreams]
[04:10:59] [Server thread/INFO]: _Raiver_ has made the advancement [Acquire Hardware]
[04:11:40] [Server thread/INFO]: _Raiver_ has made the advancement [Isn't It Iron Pick]
[04:14:28] [Server thread/INFO]: _Raiver_ has made the advancement [Diamonds!]
[04:14:38] [Server thread/INFO]: Pau_jkl has made the advancement [Acquire Hardware]
[04:16:38] [Server thread/INFO]: Pau_jkl has made the advancement [Isn't It Iron Pick]
